  chongzai.cpp
D:\study_source\cpp_code\test2021.3.3\zizeng_chongzai\chongzai.cpp(47,18): error C2679: 二进制“<<”: 没有找到接受“MyInteger”类型的右操作数的运算符(或没有可接受的转换)
D:\software\Visual Studio\InstallPath\VC\Tools\MSVC\14.28.29333\include\ostream(465,39): message : 可能是“std::basic_ostream<char,std::char_traits<char>> &std::basic_ostream<char,std::char_traits<char>>::operator <<(std::basic_streambuf<char,std::char_traits<char>> *)”
D:\software\Visual Studio\InstallPath\VC\Tools\MSVC\14.28.29333\include\ostream(440,39): message : 或    “std::basic_ostream<char,std::char_traits<char>> &std::basic_ostream<char,std::char_traits<char>>::operator <<(const void *)”
D:\software\Visual Studio\InstallPath\VC\Tools\MSVC\14.28.29333\include\ostream(422,39): message : 或    “std::basic_ostream<char,std::char_traits<char>> &std::basic_ostream<char,std::char_traits<char>>::operator <<(long double)”
D:\software\Visual Studio\InstallPath\VC\Tools\MSVC\14.28.29333\include\ostream(404,39): message : 或    “std::basic_ostream<char,std::char_traits<char>> &std::basic_ostream<char,std::char_traits<char>>::operator <<(double)”
D:\software\Visual Studio\InstallPath\VC\Tools\MSVC\14.28.29333\include\ostream(386,39): message : 或    “std::basic_ostream<char,std::char_traits<char>> &std::basic_ostream<char,std::char_traits<char>>::operator <<(float)”
D:\software\Visual Studio\InstallPath\VC\Tools\MSVC\14.28.29333\include\ostream(368,39): message : 或    “std::basic_ostream<char,std::char_traits<char>> &std::basic_ostream<char,std::char_traits<char>>::operator <<(unsigned __int64)”
D:\software\Visual Studio\InstallPath\VC\Tools\MSVC\14.28.29333\include\ostream(350,39): message : 或    “std::basic_ostream<char,std::char_traits<char>> &std::basic_ostream<char,std::char_traits<char>>::operator <<(__int64)”
D:\software\Visual Studio\InstallPath\VC\Tools\MSVC\14.28.29333\include\ostream(332,39): message : 或    “std::basic_ostream<char,std::char_traits<char>> &std::basic_ostream<char,std::char_traits<char>>::operator <<(unsigned long)”
D:\software\Visual Studio\InstallPath\VC\Tools\MSVC\14.28.29333\include\ostream(314,39): message : 或    “std::basic_ostream<char,std::char_traits<char>> &std::basic_ostream<char,std::char_traits<char>>::operator <<(long)”
D:\software\Visual Studio\InstallPath\VC\Tools\MSVC\14.28.29333\include\ostream(295,39): message : 或    “std::basic_ostream<char,std::char_traits<char>> &std::basic_ostream<char,std::char_traits<char>>::operator <<(unsigned int)”
D:\software\Visual Studio\InstallPath\VC\Tools\MSVC\14.28.29333\include\ostream(269,39): message : 或    “std::basic_ostream<char,std::char_traits<char>> &std::basic_ostream<char,std::char_traits<char>>::operator <<(int)”
D:\software\Visual Studio\InstallPath\VC\Tools\MSVC\14.28.29333\include\ostream(250,39): message : 或    “std::basic_ostream<char,std::char_traits<char>> &std::basic_ostream<char,std::char_traits<char>>::operator <<(unsigned short)”
D:\software\Visual Studio\InstallPath\VC\Tools\MSVC\14.28.29333\include\ostream(216,39): message : 或    “std::basic_ostream<char,std::char_traits<char>> &std::basic_ostream<char,std::char_traits<char>>::operator <<(short)”
D:\software\Visual Studio\InstallPath\VC\Tools\MSVC\14.28.29333\include\ostream(198,39): message : 或    “std::basic_ostream<char,std::char_traits<char>> &std::basic_ostream<char,std::char_traits<char>>::operator <<(bool)”
D:\software\Visual Studio\InstallPath\VC\Tools\MSVC\14.28.29333\include\ostream(193,39): message : 或    “std::basic_ostream<char,std::char_traits<char>> &std::basic_ostream<char,std::char_traits<char>>::operator <<(std::ios_base &(__cdecl *)(std::ios_base &))”
D:\software\Visual Studio\InstallPath\VC\Tools\MSVC\14.28.29333\include\ostream(188,39): message : 或    “std::basic_ostream<char,std::char_traits<char>> &std::basic_ostream<char,std::char_traits<char>>::operator <<(std::basic_ios<char,std::char_traits<char>> &(__cdecl *)(std::basic_ios<char,std::char_traits<char>> &))”
D:\software\Visual Studio\InstallPath\VC\Tools\MSVC\14.28.29333\include\ostream(183,39): message : 或    “std::basic_ostream<char,std::char_traits<char>> &std::basic_ostream<char,std::char_traits<char>>::operator <<(std::basic_ostream<char,std::char_traits<char>> &(__cdecl *)(std::basic_ostream<char,std::char_traits<char>> &))”
D:\study_source\cpp_code\test2021.3.3\zizeng_chongzai\chongzai.cpp(32,10): message : 或    “std::ostream &operator <<(std::ostream &,MyInteger &)”
D:\software\Visual Studio\InstallPath\VC\Tools\MSVC\14.28.29333\include\ostream(998,32): message : 或    “std::basic_ostream<char,std::char_traits<char>> &std::operator <<<char,std::char_traits<char>>(std::basic_ostream<char,std::char_traits<char>> &,const std::error_code &)”
D:\software\Visual Studio\InstallPath\VC\Tools\MSVC\14.28.29333\include\ostream(912,31): message : 或    “std::basic_ostream<char,std::char_traits<char>> &std::operator <<<std::char_traits<char>>(std::basic_ostream<char,std::char_traits<char>> &,unsigned char)”
D:\software\Visual Studio\InstallPath\VC\Tools\MSVC\14.28.29333\include\ostream(906,31): message : 或    “std::basic_ostream<char,std::char_traits<char>> &std::operator <<<std::char_traits<char>>(std::basic_ostream<char,std::char_traits<char>> &,const unsigned char *)”
D:\software\Visual Studio\InstallPath\VC\Tools\MSVC\14.28.29333\include\ostream(901,31): message : 或    “std::basic_ostream<char,std::char_traits<char>> &std::operator <<<std::char_traits<char>>(std::basic_ostream<char,std::char_traits<char>> &,signed char)”
D:\software\Visual Studio\InstallPath\VC\Tools\MSVC\14.28.29333\include\ostream(895,31): message : 或    “std::basic_ostream<char,std::char_traits<char>> &std::operator <<<std::char_traits<char>>(std::basic_ostream<char,std::char_traits<char>> &,const signed char *)”
D:\software\Visual Studio\InstallPath\VC\Tools\MSVC\14.28.29333\include\ostream(778,31): message : 或    “std::basic_ostream<char,std::char_traits<char>> &std::operator <<<std::char_traits<char>>(std::basic_ostream<char,std::char_traits<char>> &,char)”
D:\software\Visual Studio\InstallPath\VC\Tools\MSVC\14.28.29333\include\ostream(733,31): message : 或    “std::basic_ostream<char,std::char_traits<char>> &std::operator <<<std::char_traits<char>>(std::basic_ostream<char,std::char_traits<char>> &,const char *)”
D:\software\Visual Studio\InstallPath\VC\Tools\MSVC\14.28.29333\include\ostream(697,32): message : 或    “std::basic_ostream<char,std::char_traits<char>> &std::operator <<<char,std::char_traits<char>>(std::basic_ostream<char,std::char_traits<char>> &,char)”
D:\software\Visual Studio\InstallPath\VC\Tools\MSVC\14.28.29333\include\ostream(653,32): message : 或    “std::basic_ostream<char,std::char_traits<char>> &std::operator <<<char,std::char_traits<char>>(std::basic_ostream<char,std::char_traits<char>> &,const char *)”
D:\study_source\cpp_code\test2021.3.3\zizeng_chongzai\chongzai.cpp(47,18): message : 尝试匹配参数列表“(std::ostream, MyInteger)”时
